running egg_info
creating ../../build/py_tutorial_pubsub/py_tutorial_pubsub.egg-info
writing ../../build/py_tutorial_pubsub/py_tutorial_pubsub.egg-info/PKG-INFO
writing dependency_links to ../../build/py_tutorial_pubsub/py_tutorial_pubsub.egg-info/dependency_links.txt
writing entry points to ../../build/py_tutorial_pubsub/py_tutorial_pubsub.egg-info/entry_points.txt
writing requirements to ../../build/py_tutorial_pubsub/py_tutorial_pubsub.egg-info/requires.txt
writing top-level names to ../../build/py_tutorial_pubsub/py_tutorial_pubsub.egg-info/top_level.txt
writing manifest file '../../build/py_tutorial_pubsub/py_tutorial_pubsub.egg-info/SOURCES.txt'
reading manifest file '../../build/py_tutorial_pubsub/py_tutorial_pubsub.egg-info/SOURCES.txt'
adding license file 'LICENSE'
writing manifest file '../../build/py_tutorial_pubsub/py_tutorial_pubsub.egg-info/SOURCES.txt'
running build
running build_py
creating /home/sam-robot-pi/Documents/ros-dev/tutorials/ros2_ws/build/py_tutorial_pubsub/build
creating /home/sam-robot-pi/Documents/ros-dev/tutorials/ros2_ws/build/py_tutorial_pubsub/build/lib
creating /home/sam-robot-pi/Documents/ros-dev/tutorials/ros2_ws/build/py_tutorial_pubsub/build/lib/py_tutorial_pubsub
copying py_tutorial_pubsub/subscriber_member_function.py -> /home/sam-robot-pi/Documents/ros-dev/tutorials/ros2_ws/build/py_tutorial_pubsub/build/lib/py_tutorial_pubsub
copying py_tutorial_pubsub/__init__.py -> /home/sam-robot-pi/Documents/ros-dev/tutorials/ros2_ws/build/py_tutorial_pubsub/build/lib/py_tutorial_pubsub
copying py_tutorial_pubsub/publisher_member_function.py -> /home/sam-robot-pi/Documents/ros-dev/tutorials/ros2_ws/build/py_tutorial_pubsub/build/lib/py_tutorial_pubsub
running install
running install_lib
creating /home/sam-robot-pi/Documents/ros-dev/tutorials/ros2_ws/install/py_tutorial_pubsub/lib/python3.12/site-packages/py_tutorial_pubsub
copying /home/sam-robot-pi/Documents/ros-dev/tutorials/ros2_ws/build/py_tutorial_pubsub/build/lib/py_tutorial_pubsub/subscriber_member_function.py -> /home/sam-robot-pi/Documents/ros-dev/tutorials/ros2_ws/install/py_tutorial_pubsub/lib/python3.12/site-packages/py_tutorial_pubsub
copying /home/sam-robot-pi/Documents/ros-dev/tutorials/ros2_ws/build/py_tutorial_pubsub/build/lib/py_tutorial_pubsub/__init__.py -> /home/sam-robot-pi/Documents/ros-dev/tutorials/ros2_ws/install/py_tutorial_pubsub/lib/python3.12/site-packages/py_tutorial_pubsub
copying /home/sam-robot-pi/Documents/ros-dev/tutorials/ros2_ws/build/py_tutorial_pubsub/build/lib/py_tutorial_pubsub/publisher_member_function.py -> /home/sam-robot-pi/Documents/ros-dev/tutorials/ros2_ws/install/py_tutorial_pubsub/lib/python3.12/site-packages/py_tutorial_pubsub
byte-compiling /home/sam-robot-pi/Documents/ros-dev/tutorials/ros2_ws/install/py_tutorial_pubsub/lib/python3.12/site-packages/py_tutorial_pubsub/subscriber_member_function.py to subscriber_member_function.cpython-312.pyc
byte-compiling /home/sam-robot-pi/Documents/ros-dev/tutorials/ros2_ws/install/py_tutorial_pubsub/lib/python3.12/site-packages/py_tutorial_pubsub/__init__.py to __init__.cpython-312.pyc
byte-compiling /home/sam-robot-pi/Documents/ros-dev/tutorials/ros2_ws/install/py_tutorial_pubsub/lib/python3.12/site-packages/py_tutorial_pubsub/publisher_member_function.py to publisher_member_function.cpython-312.pyc
running install_data
creating /home/sam-robot-pi/Documents/ros-dev/tutorials/ros2_ws/install/py_tutorial_pubsub/share/ament_index
creating /home/sam-robot-pi/Documents/ros-dev/tutorials/ros2_ws/install/py_tutorial_pubsub/share/ament_index/resource_index
creating /home/sam-robot-pi/Documents/ros-dev/tutorials/ros2_ws/install/py_tutorial_pubsub/share/ament_index/resource_index/packages
copying resource/py_tutorial_pubsub -> /home/sam-robot-pi/Documents/ros-dev/tutorials/ros2_ws/install/py_tutorial_pubsub/share/ament_index/resource_index/packages
copying package.xml -> /home/sam-robot-pi/Documents/ros-dev/tutorials/ros2_ws/install/py_tutorial_pubsub/share/py_tutorial_pubsub
running install_egg_info
Copying ../../build/py_tutorial_pubsub/py_tutorial_pubsub.egg-info to /home/sam-robot-pi/Documents/ros-dev/tutorials/ros2_ws/install/py_tutorial_pubsub/lib/python3.12/site-packages/py_tutorial_pubsub-0.0.0-py3.12.egg-info
running install_scripts
Installing listener script to /home/sam-robot-pi/Documents/ros-dev/tutorials/ros2_ws/install/py_tutorial_pubsub/lib/py_tutorial_pubsub
Installing talker script to /home/sam-robot-pi/Documents/ros-dev/tutorials/ros2_ws/install/py_tutorial_pubsub/lib/py_tutorial_pubsub
writing list of installed files to '/home/sam-robot-pi/Documents/ros-dev/tutorials/ros2_ws/build/py_tutorial_pubsub/install.log'
