running egg_info
writing ../../build/py_tutorial_pubsub/py_tutorial_pubsub.egg-info/PKG-INFO
writing dependency_links to ../../build/py_tutorial_pubsub/py_tutorial_pubsub.egg-info/dependency_links.txt
writing entry points to ../../build/py_tutorial_pubsub/py_tutorial_pubsub.egg-info/entry_points.txt
writing requirements to ../../build/py_tutorial_pubsub/py_tutorial_pubsub.egg-info/requires.txt
writing top-level names to ../../build/py_tutorial_pubsub/py_tutorial_pubsub.egg-info/top_level.txt
reading manifest file '../../build/py_tutorial_pubsub/py_tutorial_pubsub.egg-info/SOURCES.txt'
adding license file 'LICENSE'
writing manifest file '../../build/py_tutorial_pubsub/py_tutorial_pubsub.egg-info/SOURCES.txt'
running build
running build_py
copying py_tutorial_pubsub/publisher_member_function.py -> /home/sam-robot-pi/Documents/ros-dev/tutorials/ros2_ws/build/py_tutorial_pubsub/build/lib/py_tutorial_pubsub
running install
running install_lib
copying /home/sam-robot-pi/Documents/ros-dev/tutorials/ros2_ws/build/py_tutorial_pubsub/build/lib/py_tutorial_pubsub/publisher_member_function.py -> /home/sam-robot-pi/Documents/ros-dev/tutorials/ros2_ws/install/py_tutorial_pubsub/lib/python3.12/site-packages/py_tutorial_pubsub
byte-compiling /home/sam-robot-pi/Documents/ros-dev/tutorials/ros2_ws/install/py_tutorial_pubsub/lib/python3.12/site-packages/py_tutorial_pubsub/publisher_member_function.py to publisher_member_function.cpython-312.pyc
running install_data
running install_egg_info
removing '/home/sam-robot-pi/Documents/ros-dev/tutorials/ros2_ws/install/py_tutorial_pubsub/lib/python3.12/site-packages/py_tutorial_pubsub-0.0.0-py3.12.egg-info' (and everything under it)
Copying ../../build/py_tutorial_pubsub/py_tutorial_pubsub.egg-info to /home/sam-robot-pi/Documents/ros-dev/tutorials/ros2_ws/install/py_tutorial_pubsub/lib/python3.12/site-packages/py_tutorial_pubsub-0.0.0-py3.12.egg-info
running install_scripts
Installing listener script to /home/sam-robot-pi/Documents/ros-dev/tutorials/ros2_ws/install/py_tutorial_pubsub/lib/py_tutorial_pubsub
Installing talker script to /home/sam-robot-pi/Documents/ros-dev/tutorials/ros2_ws/install/py_tutorial_pubsub/lib/py_tutorial_pubsub
writing list of installed files to '/home/sam-robot-pi/Documents/ros-dev/tutorials/ros2_ws/build/py_tutorial_pubsub/install.log'
