[1.490s] Invoking command in '/home/sam-robot-pi/Documents/ros-dev/tutorials/ros2_ws/src/py_tutorial_pubsub': DEBUGINFOD_URLS=https://debuginfod.ubuntu.com PYTHONPATH=/home/sam-robot-pi/Documents/ros-dev/tutorials/ros2_ws/build/py_tutorial_pubsub/prefix_override:/usr/lib/python3/dist-packages/colcon_core/task/python/colcon_distutils_commands:/home/sam-robot-pi/Documents/ros-dev/tutorials/ros2_ws/install/py_tutorial_pubsub/lib/python3.12/site-packages:${PYTHONPATH} /usr/bin/python3 -W ignore:setup.py install is deprecated -W ignore:easy_install command is deprecated setup.py egg_info --egg-base ../../build/py_tutorial_pubsub build --build-base /home/sam-robot-pi/Documents/ros-dev/tutorials/ros2_ws/build/py_tutorial_pubsub/build install --record /home/sam-robot-pi/Documents/ros-dev/tutorials/ros2_ws/build/py_tutorial_pubsub/install.log --single-version-externally-managed install_data
[1.896s] running egg_info
[1.928s] writing ../../build/py_tutorial_pubsub/py_tutorial_pubsub.egg-info/PKG-INFO
[1.928s] writing dependency_links to ../../build/py_tutorial_pubsub/py_tutorial_pubsub.egg-info/dependency_links.txt
[1.931s] writing entry points to ../../build/py_tutorial_pubsub/py_tutorial_pubsub.egg-info/entry_points.txt
[1.932s] writing requirements to ../../build/py_tutorial_pubsub/py_tutorial_pubsub.egg-info/requires.txt
[1.934s] writing top-level names to ../../build/py_tutorial_pubsub/py_tutorial_pubsub.egg-info/top_level.txt
[1.998s] reading manifest file '../../build/py_tutorial_pubsub/py_tutorial_pubsub.egg-info/SOURCES.txt'
[1.999s] adding license file 'LICENSE'
[1.999s] writing manifest file '../../build/py_tutorial_pubsub/py_tutorial_pubsub.egg-info/SOURCES.txt'
[2.000s] running build
[2.000s] running build_py
[2.000s] copying py_tutorial_pubsub/publisher_member_function.py -> /home/sam-robot-pi/Documents/ros-dev/tutorials/ros2_ws/build/py_tutorial_pubsub/build/lib/py_tutorial_pubsub
[2.000s] running install
[2.011s] running install_lib
[2.042s] copying /home/sam-robot-pi/Documents/ros-dev/tutorials/ros2_ws/build/py_tutorial_pubsub/build/lib/py_tutorial_pubsub/publisher_member_function.py -> /home/sam-robot-pi/Documents/ros-dev/tutorials/ros2_ws/install/py_tutorial_pubsub/lib/python3.12/site-packages/py_tutorial_pubsub
[2.043s] byte-compiling /home/sam-robot-pi/Documents/ros-dev/tutorials/ros2_ws/install/py_tutorial_pubsub/lib/python3.12/site-packages/py_tutorial_pubsub/publisher_member_function.py to publisher_member_function.cpython-312.pyc
[2.044s] running install_data
[2.044s] running install_egg_info
[2.075s] removing '/home/sam-robot-pi/Documents/ros-dev/tutorials/ros2_ws/install/py_tutorial_pubsub/lib/python3.12/site-packages/py_tutorial_pubsub-0.0.0-py3.12.egg-info' (and everything under it)
[2.075s] Copying ../../build/py_tutorial_pubsub/py_tutorial_pubsub.egg-info to /home/sam-robot-pi/Documents/ros-dev/tutorials/ros2_ws/install/py_tutorial_pubsub/lib/python3.12/site-packages/py_tutorial_pubsub-0.0.0-py3.12.egg-info
[2.076s] running install_scripts
[2.284s] Installing listener script to /home/sam-robot-pi/Documents/ros-dev/tutorials/ros2_ws/install/py_tutorial_pubsub/lib/py_tutorial_pubsub
[2.284s] Installing talker script to /home/sam-robot-pi/Documents/ros-dev/tutorials/ros2_ws/install/py_tutorial_pubsub/lib/py_tutorial_pubsub
[2.286s] writing list of installed files to '/home/sam-robot-pi/Documents/ros-dev/tutorials/ros2_ws/build/py_tutorial_pubsub/install.log'
[2.390s] Invoked command in '/home/sam-robot-pi/Documents/ros-dev/tutorials/ros2_ws/src/py_tutorial_pubsub' returned '0': DEBUGINFOD_URLS=https://debuginfod.ubuntu.com PYTHONPATH=/home/sam-robot-pi/Documents/ros-dev/tutorials/ros2_ws/build/py_tutorial_pubsub/prefix_override:/usr/lib/python3/dist-packages/colcon_core/task/python/colcon_distutils_commands:/home/sam-robot-pi/Documents/ros-dev/tutorials/ros2_ws/install/py_tutorial_pubsub/lib/python3.12/site-packages:${PYTHONPATH} /usr/bin/python3 -W ignore:setup.py install is deprecated -W ignore:easy_install command is deprecated setup.py egg_info --egg-base ../../build/py_tutorial_pubsub build --build-base /home/sam-robot-pi/Documents/ros-dev/tutorials/ros2_ws/build/py_tutorial_pubsub/build install --record /home/sam-robot-pi/Documents/ros-dev/tutorials/ros2_ws/build/py_tutorial_pubsub/install.log --single-version-externally-managed install_data
